<?xml version="1.0" encoding="UTF-8"?>
<!-- Generated by org.testng.reporters.JUnitXMLReporter -->
<testsuite ignored="0" hostname="Qaseems-MacBook-Pro.local" failures="1" tests="6" name="Surefire test" time="8.061" errors="0" timestamp="2021-09-07T21:54:19 IST">
  <testcase classname="FugetronTest.FugetronTest.JDBCTest" name="testConnection" time="0.181"/>
  <testcase classname="FugetronTest.FugetronTest.RestAssuredTest" name="getRequest" time="1.265"/>
  <testcase classname="FugetronTest.FugetronTest.RestAssuredTest" name="postRequest" time="0.383"/>
  <testcase classname="FugetronTest.FugetronTest.GuruUITest" name="verifyPageProperties" time="0.011"/>
  <testcase classname="FugetronTest.FugetronTest.GuruUITest" name="choseCompany" time="1.718"/>
  <testcase classname="FugetronTest.FugetronTest.GuruUITest" name="verifyCurrentPrice" time="0.041">
    <failure type="java.lang.AssertionError" message="expected [900.0] but found [995.5999755859375]">
      <![CDATA[java.lang.AssertionError: expected [900.0] but found [995.5999755859375]
at FugetronTest.FugetronTest.GuruUITest.verifyCurrentPrice(GuruUITest.java:60)
at java.base/java.util.ArrayList.forEach(ArrayList.java:1541)
... Removed 36 stack frames]]>
    </failure>
  </testcase> <!-- verifyCurrentPrice -->
</testsuite> <!-- Surefire test -->
