<?xml version="1.0" encoding="UTF-8"?>
<testng-results ignored="0" total="6" passed="5" failed="1" skipped="0">
  <reporter-output>
  </reporter-output>
  <suite started-at="2021-09-07T21:54:06 IST" name="Surefire suite" finished-at="2021-09-07T21:54:14 IST" duration-ms="8061">
    <groups>
    </groups>
    <test started-at="2021-09-07T21:54:06 IST" name="Surefire test" finished-at="2021-09-07T21:54:14 IST" duration-ms="8061">
      <class name="FugetronTest.FugetronTest.RestAssuredTest">
        <test-method signature="getRequest()[pri:0, instance:FugetronTest.FugetronTest.RestAssuredTest@1dde4cb2]" started-at="2021-09-07T21:54:07 IST" name="getRequest" finished-at="2021-09-07T21:54:08 IST" duration-ms="1265" status="PASS">
          <reporter-output>
          </reporter-output>
        </test-method> <!-- getRequest -->
        <test-method signature="postRequest()[pri:0, instance:FugetronTest.FugetronTest.RestAssuredTest@1dde4cb2]" started-at="2021-09-07T21:54:08 IST" name="postRequest" finished-at="2021-09-07T21:54:08 IST" duration-ms="383" status="PASS">
          <reporter-output>
          </reporter-output>
        </test-method> <!-- postRequest -->
      </class> <!-- FugetronTest.FugetronTest.RestAssuredTest -->
      <class name="FugetronTest.FugetronTest.GuruUITest">
        <test-method is-config="true" signature="setUp()[pri:0, instance:FugetronTest.FugetronTest.GuruUITest@7714e963]" started-at="2021-09-07T21:54:08 IST" name="setUp" finished-at="2021-09-07T21:54:13 IST" duration-ms="4318" status="PASS">
          <reporter-output>
          </reporter-output>
        </test-method> <!-- setUp -->
        <test-method signature="verifyPageProperties()[pri:1, instance:FugetronTest.FugetronTest.GuruUITest@7714e963]" started-at="2021-09-07T21:54:13 IST" name="verifyPageProperties" finished-at="2021-09-07T21:54:13 IST" duration-ms="11" status="PASS">
          <reporter-output>
          </reporter-output>
        </test-method> <!-- verifyPageProperties -->
        <test-method signature="choseCompany()[pri:2, instance:FugetronTest.FugetronTest.GuruUITest@7714e963]" started-at="2021-09-07T21:54:13 IST" name="choseCompany" finished-at="2021-09-07T21:54:14 IST" duration-ms="1718" status="PASS">
          <reporter-output>
          </reporter-output>
        </test-method> <!-- choseCompany -->
        <test-method signature="verifyCurrentPrice()[pri:3, instance:FugetronTest.FugetronTest.GuruUITest@7714e963]" started-at="2021-09-07T21:54:14 IST" name="verifyCurrentPrice" finished-at="2021-09-07T21:54:14 IST" duration-ms="41" status="FAIL">
          <exception class="java.lang.AssertionError">
            <message>
              <![CDATA[expected [900.0] but found [995.5999755859375]]]>
            </message>
            <full-stacktrace>
              <![CDATA[java.lang.AssertionError: expected [900.0] but found [995.5999755859375]
at org.testng.Assert.fail(Assert.java:99)
at org.testng.Assert.failNotEquals(Assert.java:1037)
at org.testng.Assert.assertEquals(Assert.java:701)
at org.testng.Assert.assertEquals(Assert.java:712)
at FugetronTest.FugetronTest.GuruUITest.verifyCurrentPrice(GuruUITest.java:60)
at java.base/jdk.internal.reflect.NativeMethodAccessorImpl.invoke0(Native Method)
at java.base/jdk.internal.reflect.NativeMethodAccessorImpl.invoke(NativeMethodAccessorImpl.java:62)
at java.base/jdk.internal.reflect.DelegatingMethodAccessorImpl.invoke(DelegatingMethodAccessorImpl.java:43)
at java.base/java.lang.reflect.Method.invoke(Method.java:566)
at org.testng.internal.MethodInvocationHelper.invokeMethod(MethodInvocationHelper.java:132)
at org.testng.internal.TestInvoker.invokeMethod(TestInvoker.java:599)
at org.testng.internal.TestInvoker.invokeTestMethod(TestInvoker.java:174)
at org.testng.internal.MethodRunner.runInSequence(MethodRunner.java:46)
at org.testng.internal.TestInvoker$MethodInvocationAgent.invoke(TestInvoker.java:822)
at org.testng.internal.TestInvoker.invokeTestMethods(TestInvoker.java:147)
at org.testng.internal.TestMethodWorker.invokeTestMethods(TestMethodWorker.java:146)
at org.testng.internal.TestMethodWorker.run(TestMethodWorker.java:128)
at java.base/java.util.ArrayList.forEach(ArrayList.java:1541)
at org.testng.TestRunner.privateRun(TestRunner.java:764)
at org.testng.TestRunner.run(TestRunner.java:585)
at org.testng.SuiteRunner.runTest(SuiteRunner.java:384)
at org.testng.SuiteRunner.runSequentially(SuiteRunner.java:378)
at org.testng.SuiteRunner.privateRun(SuiteRunner.java:337)
at org.testng.SuiteRunner.run(SuiteRunner.java:286)
at org.testng.SuiteRunnerWorker.runSuite(SuiteRunnerWorker.java:53)
at org.testng.SuiteRunnerWorker.run(SuiteRunnerWorker.java:96)
at org.testng.TestNG.runSuitesSequentially(TestNG.java:1218)
at org.testng.TestNG.runSuitesLocally(TestNG.java:1140)
at org.testng.TestNG.runSuites(TestNG.java:1069)
at org.testng.TestNG.run(TestNG.java:1037)
at org.apache.maven.surefire.testng.TestNGExecutor.run(TestNGExecutor.java:135)
at org.apache.maven.surefire.testng.TestNGDirectoryTestSuite.executeMulti(TestNGDirectoryTestSuite.java:193)
at org.apache.maven.surefire.testng.TestNGDirectoryTestSuite.execute(TestNGDirectoryTestSuite.java:94)
at org.apache.maven.surefire.testng.TestNGProvider.invoke(TestNGProvider.java:146)
at org.apache.maven.surefire.booter.ForkedBooter.invokeProviderInSameClassLoader(ForkedBooter.java:384)
at org.apache.maven.surefire.booter.ForkedBooter.runSuitesInProcess(ForkedBooter.java:345)
at org.apache.maven.surefire.booter.ForkedBooter.execute(ForkedBooter.java:126)
at org.apache.maven.surefire.booter.ForkedBooter.main(ForkedBooter.java:418)
]]>
            </full-stacktrace>
          </exception> <!-- java.lang.AssertionError -->
          <reporter-output>
          </reporter-output>
        </test-method> <!-- verifyCurrentPrice -->
        <test-method is-config="true" signature="tearDown()[pri:0, instance:FugetronTest.FugetronTest.GuruUITest@7714e963]" started-at="2021-09-07T21:54:14 IST" name="tearDown" finished-at="2021-09-07T21:54:14 IST" duration-ms="100" status="PASS">
          <reporter-output>
          </reporter-output>
        </test-method> <!-- tearDown -->
      </class> <!-- FugetronTest.FugetronTest.GuruUITest -->
      <class name="FugetronTest.FugetronTest.JDBCTest">
        <test-method signature="testConnection()[pri:0, instance:FugetronTest.FugetronTest.JDBCTest@3835c46]" started-at="2021-09-07T21:54:06 IST" name="testConnection" finished-at="2021-09-07T21:54:07 IST" duration-ms="181" status="PASS">
          <reporter-output>
          </reporter-output>
        </test-method> <!-- testConnection -->
      </class> <!-- FugetronTest.FugetronTest.JDBCTest -->
    </test> <!-- Surefire test -->
  </suite> <!-- Surefire suite -->
</testng-results>
